<PhysiCell_settings version="devel-version">
	<domain>
		<x_min>-750</x_min>
		<x_max>750</x_max>
		<y_min>-750</y_min>
		<y_max>750</y_max>
		<z_min>-10</z_min>
		<z_max>10</z_max>
		<dx>20</dx>
		<dy>20</dy>
		<dz>20</dz>
		<use_2D>true</use_2D>
	</domain>
	
	<overall>
		<max_time units="min">14400</max_time> 
		<time_units>min</time_units>
		<space_units>micron</space_units>
	
		<dt_diffusion units="min">0.01</dt_diffusion>
		<dt_mechanics units="min">0.1</dt_mechanics>
		<dt_phenotype units="min">6</dt_phenotype>	
	</overall>
	
	<parallel>
		<omp_num_threads>42</omp_num_threads>
	</parallel> 
	
	<save>
		<folder>output</folder>  

		<full_data>
			<interval units="min">60</interval>
			<enable>false</enable>
		</full_data>
		
		<SVG>
			<interval units="min">30</interval>
			<enable>true</enable>
		</SVG>
		
		<legacy_data>
			<enable>false</enable>
		</legacy_data>
	</save>
	
	<options>
		<legacy_random_points_on_sphere_in_divide>false</legacy_random_points_on_sphere_in_divide>
        <virtual_wall_at_domain_edge>false</virtual_wall_at_domain_edge>
	</options>	

	<microenvironment_setup>
		<variable name="oxygen" units="mmHg" ID="0">
			<physical_parameter_set>
				<diffusion_coefficient units="micron^2/min">421.0</diffusion_coefficient>
				<decay_rate units="1/min">.41</decay_rate>  
			</physical_parameter_set>
			<initial_condition units="mmHg">41.0</initial_condition>
			<Dirichlet_boundary_condition units="mmHg" enabled="true">41.1</Dirichlet_boundary_condition>
            <Dirichlet_options>
 				<boundary_value ID="xmin" enabled="false">1</boundary_value>
 				<boundary_value ID="xmax" enabled="true">2</boundary_value>
 				<boundary_value ID="ymin" enabled="false">3</boundary_value>
 				<boundary_value ID="ymax" enabled="true">4</boundary_value>
 				<boundary_value ID="zmin" enabled="false">5</boundary_value>
 				<boundary_value ID="zmax" enabled="true">6</boundary_value>
 			</Dirichlet_options>
		</variable>
	
		<variable name="glue" units="dimensionless" ID="1">
			<physical_parameter_set>
				<diffusion_coefficient units="micron^2/min">422.0</diffusion_coefficient>
				<decay_rate units="1/min">.42</decay_rate>  
			</physical_parameter_set>
			<initial_condition units="mmHg">42.0</initial_condition>
			<Dirichlet_boundary_condition units="mmHg" enabled="false">42.1</Dirichlet_boundary_condition>
		</variable>
		
		<options>
			<calculate_gradients>true</calculate_gradients>
			<track_internalized_substrates_in_each_agent>false</track_internalized_substrates_in_each_agent>
			 
			<initial_condition type="matlab" enabled="false">
				<filename>./config/initial.mat</filename>
			</initial_condition>
			 
			<dirichlet_nodes type="matlab" enabled="false">
				<filename>./config/dirichlet.mat</filename>
			</dirichlet_nodes>
		</options>
	</microenvironment_setup>	
	
	<cell_definitions>
		<cell_definition name="round cell" ID="0">
			<phenotype>
				<cycle code="5" name="live">  
					<phase_transition_rates units="1/min"> 
						<rate start_index="0" end_index="0" fixed_duration="true">0.000072</rate>
					</phase_transition_rates>
				</cycle>
				
				<death>  
					<model code="100" name="apoptosis"> 
						<death_rate units="1/min">5.1e-05</death_rate>
						<phase_durations units="min">
							<duration index="0" fixed_duration="true">511</duration>
						</phase_durations>
						<parameters>
							<unlysed_fluid_change_rate units="1/min">0.01</unlysed_fluid_change_rate>
							<lysed_fluid_change_rate units="1/min">1.e-99</lysed_fluid_change_rate>
							<cytoplasmic_biomass_change_rate units="1/min">1.61e-02</cytoplasmic_biomass_change_rate>
							<nuclear_biomass_change_rate units="1/min">5.81e-03</nuclear_biomass_change_rate>
							<calcification_rate units="1/min">0</calcification_rate>
							<relative_rupture_volume units="dimensionless">2.1</relative_rupture_volume>
						</parameters>
					</model> 

					<model code="101" name="necrosis">
						<death_rate units="1/min">0.1</death_rate>
						<phase_durations units="min">
							<duration index="0" fixed_duration="true">0.1</duration>
							<duration index="1" fixed_duration="true">86400.1</duration>
						</phase_durations>
						
						<parameters>
							<unlysed_fluid_change_rate units="1/min">0.051</unlysed_fluid_change_rate>
							<lysed_fluid_change_rate units="1/min">0.1</lysed_fluid_change_rate>
							<cytoplasmic_biomass_change_rate units="1/min">1.1-02</cytoplasmic_biomass_change_rate>
							<nuclear_biomass_change_rate units="1/min">5.1-03</nuclear_biomass_change_rate>
							<calcification_rate units="1/min">0.1</calcification_rate>
							<relative_rupture_volume units="dimensionless">2.1</relative_rupture_volume>
						</parameters>
					</model> 
				</death>					

				<volume>  
					<total units="micron^3">2494.1</total>
					<fluid_fraction units="dimensionless">0.751</fluid_fraction>
					<nuclear units="micron^3">5401</nuclear>
					
					<fluid_change_rate units="1/min">0.051</fluid_change_rate>
					<cytoplasmic_biomass_change_rate units="1/min">0.00451</cytoplasmic_biomass_change_rate>
					<nuclear_biomass_change_rate units="1/min">0.00551</nuclear_biomass_change_rate>
					
					<calcified_fraction units="dimensionless">0.1</calcified_fraction>
					<calcification_rate units="1/min">0.11</calcification_rate>
					
					<relative_rupture_volume units="dimensionless">2.1</relative_rupture_volume>
				</volume> 				
				
				<mechanics> 
					<cell_cell_adhesion_strength units="micron/min">1.1</cell_cell_adhesion_strength>
					<cell_cell_repulsion_strength units="micron/min">11.0</cell_cell_repulsion_strength>
					<relative_maximum_adhesion_distance units="dimensionless">1.11</relative_maximum_adhesion_distance>
					
					<options>
						<set_relative_equilibrium_distance enabled="false" units="dimensionless">1.111</set_relative_equilibrium_distance>
						<set_absolute_equilibrium_distance enabled="false" units="micron">11.111</set_absolute_equilibrium_distance>
					</options>
				</mechanics>
				
				<motility>  
					<speed units="micron/min">1.1</speed>
					<persistence_time units="min">1.2</persistence_time>
					<migration_bias units="dimensionless">1.3</migration_bias>
					
					<options>
						<enabled>false</enabled>
						<use_2D>true</use_2D>
						<chemotaxis>
							<enabled>false</enabled>
							<substrate>oxygen</substrate>
							<direction>-1</direction>
						</chemotaxis>
					</options>
				</motility>
				
				<secretion>
					<substrate name="oxygen">
						<secretion_rate units="1/min">11.0</secretion_rate>
						<secretion_target units="substrate density">11.1</secretion_target>
						<uptake_rate units="1/min">11.2</uptake_rate>
						<net_export_rate units="total substrate/min">11.3</net_export_rate> 
					</substrate> 
					
					<substrate name="glue">
						<secretion_rate units="1/min">12.0</secretion_rate>
						<secretion_target units="substrate density">12.1</secretion_target>
						<uptake_rate units="1/min">12.2</uptake_rate>
						<net_export_rate units="total substrate/min">12.3</net_export_rate> 
					</substrate> 
				</secretion>

				<molecular />
			</phenotype>
			<custom_data>  
				<cvar1 units="dimensionless" description="cvar1s are awesome">41.0</cvar1>
				<cvar2 units="mmHg">0.41</cvar2>
				<cvar3 units="1/min">0.041</cvar3>
			</custom_data>
		</cell_definition>
		
		<cell_definition name="square cell" ID="1" visible="true">
			<phenotype>
            	<cycle code="6" name="Flow cytometry model (separated)">  
					<phase_transition_rates units="1/min"> 
						<rate start_index="0" end_index="1" fixed_duration="false">0</rate>
						<rate start_index="1" end_index="2" fixed_duration="true">0.00208333</rate>
						<rate start_index="2" end_index="3" fixed_duration="true">0.00416667</rate>
						<rate start_index="3" end_index="0" fixed_duration="true">0.0166667</rate>
					</phase_transition_rates>
				</cycle>
				<death>  
					<model code="100" name="apoptosis"> 
						<death_rate units="1/min">5.2e-05</death_rate>
						<phase_transition_rates units="1/min">
							<rate start_index="0" end_index="1" fixed_duration="true">0</rate>
						</phase_transition_rates>
						<parameters>
							<unlysed_fluid_change_rate units="1/min">0.02</unlysed_fluid_change_rate>
							<lysed_fluid_change_rate units="1/min">2.e-99</lysed_fluid_change_rate>
							<cytoplasmic_biomass_change_rate units="1/min">1.62e-02</cytoplasmic_biomass_change_rate>
							<nuclear_biomass_change_rate units="1/min">5.82e-03</nuclear_biomass_change_rate>
							<calcification_rate units="1/min">2</calcification_rate>
							<relative_rupture_volume units="dimensionless">2.2</relative_rupture_volume>
						</parameters>
					</model> 

					<model code="101" name="necrosis">
						<death_rate units="1/min">0.2</death_rate>
						<phase_durations units="min">
							<duration index="0" fixed_duration="true">0.2</duration>
							<duration index="1" fixed_duration="true">86400.2</duration>
						</phase_durations>
						
						<parameters>
							<unlysed_fluid_change_rate units="1/min">0.052</unlysed_fluid_change_rate>
							<lysed_fluid_change_rate units="1/min">0.2</lysed_fluid_change_rate>
							<cytoplasmic_biomass_change_rate units="1/min">1.66667e-02</cytoplasmic_biomass_change_rate>
							<nuclear_biomass_change_rate units="1/min">5.83333e-02</nuclear_biomass_change_rate>
							<calcification_rate units="1/min">0.2</calcification_rate>
							<relative_rupture_volume units="dimensionless">2.2</relative_rupture_volume>
						</parameters>
					</model> 
				</death>					

				<volume>  
					<total units="micron^3">2494.2</total>
					<fluid_fraction units="dimensionless">0.752</fluid_fraction>
					<nuclear units="micron^3">5402</nuclear>
					
					<fluid_change_rate units="1/min">0.052</fluid_change_rate>
					<cytoplasmic_biomass_change_rate units="1/min">0.00452</cytoplasmic_biomass_change_rate>
					<nuclear_biomass_change_rate units="1/min">0.00552</nuclear_biomass_change_rate>
					
					<calcified_fraction units="dimensionless">0.2</calcified_fraction>
					<calcification_rate units="1/min">0.12</calcification_rate>
					
					<relative_rupture_volume units="dimensionless">2.2</relative_rupture_volume>
				</volume> 				
				
				<mechanics> 
					<cell_cell_adhesion_strength units="micron/min">2.1</cell_cell_adhesion_strength>
					<cell_cell_repulsion_strength units="micron/min">12.0</cell_cell_repulsion_strength>
					<relative_maximum_adhesion_distance units="dimensionless">2.11</relative_maximum_adhesion_distance>
					
					<options>
						<set_relative_equilibrium_distance enabled="true" units="dimensionless">2.111</set_relative_equilibrium_distance>
						<set_absolute_equilibrium_distance enabled="true" units="micron">12.111</set_absolute_equilibrium_distance>
					</options>
				</mechanics>
				
				<motility>  
					<speed units="micron/min">2.1</speed>
					<persistence_time units="min">2.2</persistence_time>
					<migration_bias units="dimensionless">2.3</migration_bias>
					
					<options>
						<enabled>true</enabled>
						<use_2D>true</use_2D>
						<chemotaxis>
							<enabled>true</enabled>
							<substrate>glue</substrate>
							<direction>1</direction>
						</chemotaxis>
					</options>
				</motility>
				
				<secretion>
					<substrate name="oxygen">
						<secretion_rate units="1/min">21.0</secretion_rate>
						<secretion_target units="substrate density">21.1</secretion_target>
						<uptake_rate units="1/min">21.2</uptake_rate>
						<net_export_rate units="total substrate/min">21.3</net_export_rate> 
					</substrate> 
					
					<substrate name="glue">
						<secretion_rate units="1/min">22.0</secretion_rate>
						<secretion_target units="substrate density">22.1</secretion_target>
						<uptake_rate units="1/min">22.2</uptake_rate>
						<net_export_rate units="total substrate/min">22.3</net_export_rate> 
					</substrate> 
				</secretion>

				<molecular />
			</phenotype>
			<custom_data>  
				<cvar1 units="dimensionless" description="cvar1s are awesome">42.0</cvar1>
				<cvar2 units="mmHg">0.42</cvar2>
				<cvar3 units="1/min">0.042</cvar3>
			</custom_data>
		</cell_definition>
		
		</cell_definitions>	
	
	<initial_conditions>
		<cell_positions type="csv" enabled="false">
			<folder>./config</folder>
			<filename>cells.csv</filename>
		</cell_positions>
	</initial_conditions>		
	
	<user_parameters>
		<random_seed type="int" units="dimensionless">13</random_seed> 
		<glue_stickiness type="double" units="min">42.0</glue_stickiness>
	</user_parameters>
	
</PhysiCell_settings>